<?xml version="1.0" encoding="UTF-8"?>
<testsuite name="todolistmaster.TaskListTest" tests="1" skipped="0" failures="0" errors="0" timestamp="2021-03-16T12:15:14" hostname="SDA-Lund-50-mbpro" time="0.027">
  <properties/>
  <testcase name="returnCorrectOutputWhenDisplayTaskWithIndexIsNotEmptyList()" classname="todolistmaster.TaskListTest" time="0.027"/>
  <system-out><![CDATA[]]></system-out>
  <system-err><![CDATA[]]></system-err>
</testsuite>
