<?xml version="1.0" encoding="UTF-8"?>
<testsuite name="todolistmaster.UserInterfaceTest" tests="1" skipped="0" failures="0" errors="0" timestamp="2021-03-16T10:34:03" hostname="SDA-Lund-50-mbpro" time="0.034">
  <properties/>
  <testcase name="validateInt()" classname="todolistmaster.UserInterfaceTest" time="0.034"/>
  <system-out><![CDATA[]]></system-out>
  <system-err><![CDATA[]]></system-err>
</testsuite>
