<?xml version="1.0" encoding="UTF-8"?>
<testsuite name="todolistmaster.TaskListTest" tests="1" skipped="0" failures="0" errors="0" timestamp="2021-03-15T20:51:11" hostname="SDA-Lund-50-mbpro" time="0.015">
  <properties/>
  <testcase name="returnCorrectMessageWhenDisplayTaskWithIndexIsAppliedToEmptyList()" classname="todolistmaster.TaskListTest" time="0.015"/>
  <system-out><![CDATA[]]></system-out>
  <system-err><![CDATA[]]></system-err>
</testsuite>
